<?xml version="1.0" encoding="UTF-8"?>
<!-- Generated by org.testng.reporters.JUnitXMLReporter -->
<testsuite ignored="0" hostname="SAMPATHKUMAR-S" failures="0" tests="3" name="Submit Order Test" time="20.924" errors="0" timestamp="2025-07-23T15:30:38 IST">
  <testcase classname="rahlshettyacademy.Tests.SubmitOrderTest" name="submitOrder" time="2.832"/>
  <testcase classname="rahlshettyacademy.Tests.SubmitOrderTest" name="submitOrder" time="2.69"/>
  <testcase classname="rahlshettyacademy.Tests.SubmitOrderTest" name="OrderHistoryTest" time="0.686"/>
</testsuite> <!-- Submit Order Test -->
