<?xml version="1.0" encoding="UTF-8"?>
<testng-results ignored="0" total="5" passed="4" failed="1" skipped="0">
  <reporter-output>
  </reporter-output>
  <suite started-at="2025-07-23T15:30:16 IST" name="Suite" finished-at="2025-07-23T15:30:39 IST" duration-ms="22843">
    <groups>
      <group name="ErrorHandling">
        <method signature="ErrorValidationsTest.LoginErrorValidation()[pri:0, instance:rahlshettyacademy.Tests.ErrorValidationsTest@21129f1f]" name="LoginErrorValidation" class="rahlshettyacademy.Tests.ErrorValidationsTest"/>
      </group> <!-- ErrorHandling -->
      <group name="Purchase">
        <method signature="SubmitOrderTest.submitOrder(java.util.HashMap)[pri:0, instance:rahlshettyacademy.Tests.SubmitOrderTest@42a15bdc]" name="submitOrder" class="rahlshettyacademy.Tests.SubmitOrderTest"/>
      </group> <!-- Purchase -->
    </groups>
    <test started-at="2025-07-23T15:30:16 IST" name="Submit Order Test" finished-at="2025-07-23T15:30:37 IST" duration-ms="20924">
      <class name="rahlshettyacademy.Tests.SubmitOrderTest">
        <test-method is-config="true" signature="launchApplication()[pri:0, instance:rahlshettyacademy.Tests.SubmitOrderTest@42a15bdc]" started-at="2025-07-23T15:30:17 IST" name="launchApplication" finished-at="2025-07-23T15:30:26 IST" duration-ms="9832" status="PASS">
          <reporter-output>
          </reporter-output>
        </test-method> <!-- launchApplication -->
        <test-method signature="submitOrder(java.util.HashMap)[pri:0, instance:rahlshettyacademy.Tests.SubmitOrderTest@42a15bdc]" started-at="2025-07-23T15:30:26 IST" name="submitOrder" data-provider="getData" finished-at="2025-07-23T15:30:29 IST" duration-ms="2832" status="PASS">
          <params>
            <param index="0">
              <value>
                <![CDATA[{password=Raju@143, product=ZARA COAT 3, email=rajuautomatio@gmail.com}]]>
              </value>
            </param>
          </params>
          <reporter-output>
          </reporter-output>
        </test-method> <!-- submitOrder -->
        <test-method is-config="true" signature="tearDown()[pri:0, instance:rahlshettyacademy.Tests.SubmitOrderTest@42a15bdc]" started-at="2025-07-23T15:30:29 IST" name="tearDown" finished-at="2025-07-23T15:30:29 IST" duration-ms="79" status="PASS">
          <reporter-output>
          </reporter-output>
        </test-method> <!-- tearDown -->
        <test-method is-config="true" signature="launchApplication()[pri:0, instance:rahlshettyacademy.Tests.SubmitOrderTest@42a15bdc]" started-at="2025-07-23T15:30:29 IST" name="launchApplication" finished-at="2025-07-23T15:30:32 IST" duration-ms="2636" status="PASS">
          <reporter-output>
          </reporter-output>
        </test-method> <!-- launchApplication -->
        <test-method signature="submitOrder(java.util.HashMap)[pri:0, instance:rahlshettyacademy.Tests.SubmitOrderTest@42a15bdc]" started-at="2025-07-23T15:30:32 IST" name="submitOrder" data-provider="getData" finished-at="2025-07-23T15:30:35 IST" duration-ms="2690" status="PASS">
          <params>
            <param index="0">
              <value>
                <![CDATA[{password=Jeevanna@143, product=ADIDAS ORIGINAL, email=jeevanna@gmail.com}]]>
              </value>
            </param>
          </params>
          <reporter-output>
          </reporter-output>
        </test-method> <!-- submitOrder -->
        <test-method is-config="true" signature="tearDown()[pri:0, instance:rahlshettyacademy.Tests.SubmitOrderTest@42a15bdc]" started-at="2025-07-23T15:30:35 IST" name="tearDown" finished-at="2025-07-23T15:30:35 IST" duration-ms="79" status="PASS">
          <reporter-output>
          </reporter-output>
        </test-method> <!-- tearDown -->
        <test-method is-config="true" signature="launchApplication()[pri:0, instance:rahlshettyacademy.Tests.SubmitOrderTest@42a15bdc]" started-at="2025-07-23T15:30:35 IST" name="launchApplication" finished-at="2025-07-23T15:30:37 IST" duration-ms="1698" status="PASS">
          <reporter-output>
          </reporter-output>
        </test-method> <!-- launchApplication -->
        <test-method signature="OrderHistoryTest()[pri:0, instance:rahlshettyacademy.Tests.SubmitOrderTest@42a15bdc]" started-at="2025-07-23T15:30:37 IST" name="OrderHistoryTest" finished-at="2025-07-23T15:30:37 IST" depends-on-methods="rahlshettyacademy.Tests.SubmitOrderTest.submitOrder" duration-ms="686" status="PASS">
          <reporter-output>
          </reporter-output>
        </test-method> <!-- OrderHistoryTest -->
        <test-method is-config="true" signature="tearDown()[pri:0, instance:rahlshettyacademy.Tests.SubmitOrderTest@42a15bdc]" started-at="2025-07-23T15:30:37 IST" name="tearDown" finished-at="2025-07-23T15:30:37 IST" duration-ms="73" status="PASS">
          <reporter-output>
          </reporter-output>
        </test-method> <!-- tearDown -->
      </class> <!-- rahlshettyacademy.Tests.SubmitOrderTest -->
    </test> <!-- Submit Order Test -->
    <test started-at="2025-07-23T15:30:16 IST" name="Error validation Test" finished-at="2025-07-23T15:30:39 IST" duration-ms="22843">
      <class name="rahlshettyacademy.Tests.ErrorValidationsTest">
        <test-method is-config="true" signature="launchApplication()[pri:0, instance:rahlshettyacademy.Tests.ErrorValidationsTest@21129f1f]" started-at="2025-07-23T15:30:16 IST" name="launchApplication" finished-at="2025-07-23T15:30:26 IST" duration-ms="10085" status="PASS">
          <reporter-output>
          </reporter-output>
        </test-method> <!-- launchApplication -->
        <test-method signature="LoginErrorValidation()[pri:0, instance:rahlshettyacademy.Tests.ErrorValidationsTest@21129f1f]" started-at="2025-07-23T15:30:26 IST" name="LoginErrorValidation" finished-at="2025-07-23T15:30:27 IST" duration-ms="434" status="PASS">
          <reporter-output>
          </reporter-output>
        </test-method> <!-- LoginErrorValidation -->
        <test-method is-config="true" signature="tearDown()[pri:0, instance:rahlshettyacademy.Tests.ErrorValidationsTest@21129f1f]" started-at="2025-07-23T15:30:27 IST" name="tearDown" finished-at="2025-07-23T15:30:27 IST" duration-ms="95" status="PASS">
          <reporter-output>
          </reporter-output>
        </test-method> <!-- tearDown -->
        <test-method is-config="true" signature="launchApplication()[pri:0, instance:rahlshettyacademy.Tests.ErrorValidationsTest@21129f1f]" started-at="2025-07-23T15:30:27 IST" name="launchApplication" finished-at="2025-07-23T15:30:29 IST" duration-ms="1642" status="PASS">
          <reporter-output>
          </reporter-output>
        </test-method> <!-- launchApplication -->
        <test-method signature="ProductErrorValidation()[pri:0, instance:rahlshettyacademy.Tests.ErrorValidationsTest@21129f1f]" started-at="2025-07-23T15:30:29 IST" name="ProductErrorValidation" finished-at="2025-07-23T15:30:39 IST" duration-ms="10215" status="FAIL">
          <exception class="org.openqa.selenium.TimeoutException">
            <message>
              <![CDATA[Expected condition failed: waiting for visibility of element located by By.cssSelector: .mb-3 (tried for 5 second(s) with 500 milliseconds interval)
Build info: version: '4.34.0', revision: '707dcb4246*'
System info: os.name: 'Windows 11', os.arch: 'amd64', os.version: '10.0', java.version: '21.0.6'
Driver info: org.openqa.selenium.chrome.ChromeDriver
Capabilities {acceptInsecureCerts: false, browserName: chrome, browserVersion: 138.0.7204.158, chrome: {chromedriverVersion: 138.0.7204.168 (3e8d82e86e9..., userDataDir: C:\Users\SAMPATH\AppData\Lo...}, fedcm:accounts: true, goog:chromeOptions: {debuggerAddress: localhost:64774}, networkConnectionEnabled: false, pageLoadStrategy: normal, platformName: windows, proxy: Proxy(), se:cdp: ws://localhost:64774/devtoo..., se:cdpVersion: 138.0.7204.158, setWindowRect: true, strictFileInteractability: false, timeouts: {implicit: 0, pageLoad: 300000, script: 30000}, unhandledPromptBehavior: dismiss and notify, webauthn:extension:credBlob: true, webauthn:extension:largeBlob: true, webauthn:extension:minPinLength: true, webauthn:extension:prf: true, webauthn:virtualAuthenticators: true}
Session ID: 4badfbeeb43ab8db6adab81bf2d825cf]]>
            </message>
            <full-stacktrace>
              <![CDATA[org.openqa.selenium.TimeoutException: Expected condition failed: waiting for visibility of element located by By.cssSelector: .mb-3 (tried for 5 second(s) with 500 milliseconds interval)
Build info: version: '4.34.0', revision: '707dcb4246*'
System info: os.name: 'Windows 11', os.arch: 'amd64', os.version: '10.0', java.version: '21.0.6'
Driver info: org.openqa.selenium.chrome.ChromeDriver
Capabilities {acceptInsecureCerts: false, browserName: chrome, browserVersion: 138.0.7204.158, chrome: {chromedriverVersion: 138.0.7204.168 (3e8d82e86e9..., userDataDir: C:\Users\SAMPATH\AppData\Lo...}, fedcm:accounts: true, goog:chromeOptions: {debuggerAddress: localhost:64774}, networkConnectionEnabled: false, pageLoadStrategy: normal, platformName: windows, proxy: Proxy(), se:cdp: ws://localhost:64774/devtoo..., se:cdpVersion: 138.0.7204.158, setWindowRect: true, strictFileInteractability: false, timeouts: {implicit: 0, pageLoad: 300000, script: 30000}, unhandledPromptBehavior: dismiss and notify, webauthn:extension:credBlob: true, webauthn:extension:largeBlob: true, webauthn:extension:minPinLength: true, webauthn:extension:prf: true, webauthn:virtualAuthenticators: true}
Session ID: 4badfbeeb43ab8db6adab81bf2d825cf
at org.openqa.selenium.support.ui.WebDriverWait.timeoutException(WebDriverWait.java:84)
at org.openqa.selenium.support.ui.FluentWait.until(FluentWait.java:228)
at rahulshettyacademy.AbstractComponents.AbstractComponent.waitForElementToAppear(AbstractComponent.java:37)
at rahlshettyacademy.pageobject.ProductCatalogue.getProductList(ProductCatalogue.java:37)
at rahlshettyacademy.Tests.ErrorValidationsTest.ProductErrorValidation(ErrorValidationsTest.java:47)
at java.base/jdk.internal.reflect.DirectMethodHandleAccessor.invoke(DirectMethodHandleAccessor.java:103)
at java.base/java.lang.reflect.Method.invoke(Method.java:580)
at org.testng.internal.invokers.MethodInvocationHelper.invokeMethod(MethodInvocationHelper.java:141)
at org.testng.internal.invokers.TestInvoker.invokeMethod(TestInvoker.java:687)
at org.testng.internal.invokers.TestInvoker.invokeTestMethod(TestInvoker.java:230)
at org.testng.internal.invokers.MethodRunner.runInSequence(MethodRunner.java:63)
at org.testng.internal.invokers.TestInvoker$MethodInvocationAgent.invoke(TestInvoker.java:995)
at org.testng.internal.invokers.TestInvoker.invokeTestMethods(TestInvoker.java:203)
at org.testng.internal.invokers.TestMethodWorker.invokeTestMethods(TestMethodWorker.java:154)
at org.testng.internal.invokers.TestMethodWorker.run(TestMethodWorker.java:134)
at java.base/java.util.ArrayList.forEach(ArrayList.java:1596)
at org.testng.TestRunner.privateRun(TestRunner.java:741)
at org.testng.TestRunner.run(TestRunner.java:616)
at org.testng.SuiteRunner.runTest(SuiteRunner.java:421)
at org.testng.SuiteRunner$SuiteWorker.run(SuiteRunner.java:463)
at org.testng.internal.thread.ThreadUtil.lambda$execute$0(ThreadUtil.java:64)
at java.base/java.util.concurrent.FutureTask.run(FutureTask.java:317)
at java.base/java.util.concurrent.ThreadPoolExecutor.runWorker(ThreadPoolExecutor.java:1144)
at java.base/java.util.concurrent.ThreadPoolExecutor$Worker.run(ThreadPoolExecutor.java:642)
at java.base/java.lang.Thread.run(Thread.java:1583)
]]>
            </full-stacktrace>
          </exception> <!-- org.openqa.selenium.TimeoutException -->
          <reporter-output>
          </reporter-output>
        </test-method> <!-- ProductErrorValidation -->
        <test-method is-config="true" signature="tearDown()[pri:0, instance:rahlshettyacademy.Tests.ErrorValidationsTest@21129f1f]" started-at="2025-07-23T15:30:39 IST" name="tearDown" finished-at="2025-07-23T15:30:39 IST" duration-ms="80" status="PASS">
          <reporter-output>
          </reporter-output>
        </test-method> <!-- tearDown -->
      </class> <!-- rahlshettyacademy.Tests.ErrorValidationsTest -->
    </test> <!-- Error validation Test -->
  </suite> <!-- Suite -->
</testng-results>
